2022-12-21 01:52:40.308 [main] DEBUG io.github.bonigarcia.wdm.Preferences - Preference chrome=108 (valid until 2022-12-21 15:41:38)
2022-12-21 01:52:40.312 [main] DEBUG io.github.bonigarcia.wdm.Preferences - Preference chrome108=108.0.5359.71 (valid until 2022-12-21 15:41:38)
2022-12-21 01:52:40.313 [main] INFO  io.github.bonigarcia.wdm.WebDriverManager - Using chromedriver 108.0.5359.71 (since Google Chrome 108 is installed in your machine)
2022-12-21 01:52:40.326 [main] DEBUG io.github.bonigarcia.wdm.WebDriverManager - Driver chromedriver 108.0.5359.71 found in cache
2022-12-21 01:52:40.327 [main] INFO  io.github.bonigarcia.wdm.WebDriverManager - Exporting webdriver.chrome.driver as C:\Users\Marina\.m2\repository\webdriver\chromedriver\win32\108.0.5359.71\chromedriver.exe
2022-12-21 01:52:44.942 [main] INFO  MainPageTest - Contact Us page load test
2022-12-21 01:52:44.942 [main] INFO  Pages.BasePage - Clicking element with xpath: //a[text()='Contact Us']
2022-12-21 01:52:45.479 [main] INFO  Pages.BasePage - Check element with xpath exists: //h2[text()='Contact Us']
2022-12-21 01:52:46.338 [main] INFO  Pages.BasePage - Check element with xpath exists: //a[text()='Contact Us']
2022-12-21 01:52:48.497 [main] INFO  MainPageTest - Business page load test
2022-12-21 01:52:48.498 [main] INFO  Pages.BasePage - Clicking element with xpath: //a[text()='Business']
2022-12-21 01:52:49.948 [main] INFO  Pages.BasePage - Check element with xpath exists: //*[text()=' digest your online meeting']
2022-12-21 01:52:51.861 [main] INFO  Pages.BasePage - Check element with xpath exists: //a[text()='Business']
2022-12-21 01:52:52.916 [main] INFO  MainPageTest - Education page load test
2022-12-21 01:52:52.916 [main] INFO  Pages.BasePage - Clicking element with xpath: //a[text()='Education']
2022-12-21 01:52:54.455 [main] INFO  Pages.BasePage - Check element with xpath exists: //*[text()=' brings the future of taking notes']
2022-12-21 01:52:56.115 [main] INFO  Pages.BasePage - Check element with xpath exists: //a[text()='Education']
2022-12-21 01:52:57.163 [main] INFO  MainPageTest - Family page load test
2022-12-21 01:52:57.163 [main] INFO  Pages.BasePage - Clicking element with xpath: //a[text()='Family']
2022-12-21 01:52:58.498 [main] INFO  Pages.BasePage - Check element with xpath exists: //*[contains(text(),'video conference')]
2022-12-21 01:53:00.354 [main] INFO  Pages.BasePage - Check element with xpath exists: //a[text()='Family']
2022-12-21 01:53:01.271 [main] INFO  MainPageTest - Main page load test
2022-12-21 01:53:01.272 [main] INFO  Pages.BasePage - Check element with xpath exists: //img [@src='images/logo.svg']
2022-12-21 01:53:03.909 [main] INFO  Pages.BasePage - Check element with xpath exists: //img [@src='images/logo.svg']
